2026-04-06 10:53:31.479 [AUDIT] ACTION=LOGIN | RESOURCE=Auth | USER=anonymous | IP=0:0:0:0:0:0:0:1 | STATUS=SUCCESS | DURATION=398ms | DESC=User login attempt | ERROR=-
2026-04-06 10:54:40.010 [AUDIT] ACTION=CREATE_PAYROLL_COMPONENT | RESOURCE=PayrollComponent | USER=admin@gm.com | IP=0:0:0:0:0:0:0:1 | STATUS=SUCCESS | DURATION=16ms | DESC=Create payroll component | ERROR=-
2026-04-06 10:57:50.318 [AUDIT] ACTION=LOGIN | RESOURCE=Auth | USER=anonymous | IP=0:0:0:0:0:0:0:1 | STATUS=SUCCESS | DURATION=116ms | DESC=User login attempt | ERROR=-
2026-04-06 10:58:22.787 [AUDIT] ACTION=CREATE_PAYROLL_COMPONENT | RESOURCE=PayrollComponent | USER=admin@gm.com | IP=0:0:0:0:0:0:0:1 | STATUS=FAILURE | DURATION=3ms | DESC=Create payroll component | ERROR=Payroll component with code 'BASIC' already exists
2026-04-06 10:58:41.713 [AUDIT] ACTION=CREATE_PAYROLL_COMPONENT | RESOURCE=PayrollComponent | USER=admin@gm.com | IP=0:0:0:0:0:0:0:1 | STATUS=SUCCESS | DURATION=13ms | DESC=Create payroll component | ERROR=-
2026-04-06 10:58:57.157 [AUDIT] ACTION=CREATE_PAYROLL_COMPONENT | RESOURCE=PayrollComponent | USER=admin@gm.com | IP=0:0:0:0:0:0:0:1 | STATUS=SUCCESS | DURATION=33ms | DESC=Create payroll component | ERROR=-
2026-04-06 10:59:02.804 [AUDIT] ACTION=CREATE_PAYROLL_COMPONENT | RESOURCE=PayrollComponent | USER=admin@gm.com | IP=0:0:0:0:0:0:0:1 | STATUS=SUCCESS | DURATION=9ms | DESC=Create payroll component | ERROR=-
2026-04-06 10:59:09.804 [AUDIT] ACTION=CREATE_PAYROLL_COMPONENT | RESOURCE=PayrollComponent | USER=admin@gm.com | IP=0:0:0:0:0:0:0:1 | STATUS=SUCCESS | DURATION=13ms | DESC=Create payroll component | ERROR=-
2026-04-06 10:59:21.473 [AUDIT] ACTION=CREATE_PAYROLL_COMPONENT | RESOURCE=PayrollComponent | USER=admin@gm.com | IP=0:0:0:0:0:0:0:1 | STATUS=SUCCESS | DURATION=12ms | DESC=Create payroll component | ERROR=-
2026-04-06 10:59:31.219 [AUDIT] ACTION=CREATE_PAYROLL_COMPONENT | RESOURCE=PayrollComponent | USER=admin@gm.com | IP=0:0:0:0:0:0:0:1 | STATUS=SUCCESS | DURATION=10ms | DESC=Create payroll component | ERROR=-
2026-04-06 10:59:37.013 [AUDIT] ACTION=CREATE_PAYROLL_COMPONENT | RESOURCE=PayrollComponent | USER=admin@gm.com | IP=0:0:0:0:0:0:0:1 | STATUS=SUCCESS | DURATION=9ms | DESC=Create payroll component | ERROR=-
2026-04-06 10:59:43.809 [AUDIT] ACTION=CREATE_PAYROLL_COMPONENT | RESOURCE=PayrollComponent | USER=admin@gm.com | IP=0:0:0:0:0:0:0:1 | STATUS=SUCCESS | DURATION=10ms | DESC=Create payroll component | ERROR=-
2026-04-06 10:59:50.011 [AUDIT] ACTION=CREATE_PAYROLL_COMPONENT | RESOURCE=PayrollComponent | USER=admin@gm.com | IP=0:0:0:0:0:0:0:1 | STATUS=SUCCESS | DURATION=13ms | DESC=Create payroll component | ERROR=-
2026-04-06 10:59:55.934 [AUDIT] ACTION=CREATE_PAYROLL_COMPONENT | RESOURCE=PayrollComponent | USER=admin@gm.com | IP=0:0:0:0:0:0:0:1 | STATUS=SUCCESS | DURATION=7ms | DESC=Create payroll component | ERROR=-
2026-04-06 11:00:01.691 [AUDIT] ACTION=CREATE_PAYROLL_COMPONENT | RESOURCE=PayrollComponent | USER=admin@gm.com | IP=0:0:0:0:0:0:0:1 | STATUS=SUCCESS | DURATION=12ms | DESC=Create payroll component | ERROR=-
2026-04-06 11:00:32.340 [AUDIT] ACTION=UPDATE_PAYROLL_COMPONENT | RESOURCE=PayrollComponent | USER=admin@gm.com | IP=0:0:0:0:0:0:0:1 | STATUS=SUCCESS | DURATION=21ms | DESC=Update payroll component | ERROR=-
2026-04-06 11:00:37.561 [AUDIT] ACTION=UPDATE_PAYROLL_COMPONENT | RESOURCE=PayrollComponent | USER=admin@gm.com | IP=0:0:0:0:0:0:0:1 | STATUS=SUCCESS | DURATION=15ms | DESC=Update payroll component | ERROR=-
2026-04-06 11:01:06.779 [AUDIT] ACTION=CREATE_SALARY_STRUCTURE | RESOURCE=SalaryStructure | USER=admin@gm.com | IP=0:0:0:0:0:0:0:1 | STATUS=SUCCESS | DURATION=110ms | DESC=Create employee salary structure | ERROR=-
2026-04-06 11:01:38.717 [AUDIT] ACTION=UPDATE_SALARY_STRUCTURE | RESOURCE=SalaryStructure | USER=admin@gm.com | IP=0:0:0:0:0:0:0:1 | STATUS=SUCCESS | DURATION=85ms | DESC=Update salary structure | ERROR=-
2026-04-06 11:02:07.771 [AUDIT] ACTION=GENERATE_SALARY | RESOURCE=SalaryGeneration | USER=admin@gm.com | IP=0:0:0:0:0:0:0:1 | STATUS=SUCCESS | DURATION=172ms | DESC=Run monthly salary generation | ERROR=-
2026-04-06 11:02:22.511 [AUDIT] ACTION=FINALIZE_SALARY | RESOURCE=SalaryGeneration | USER=admin@gm.com | IP=0:0:0:0:0:0:0:1 | STATUS=SUCCESS | DURATION=25ms | DESC=Finalize monthly salary | ERROR=-
2026-04-06 11:02:57.449 [AUDIT] ACTION=GENERATE_SALARY | RESOURCE=SalaryGeneration | USER=admin@gm.com | IP=0:0:0:0:0:0:0:1 | STATUS=SUCCESS | DURATION=73ms | DESC=Run monthly salary generation | ERROR=-
2026-04-06 11:03:46.555 [AUDIT] ACTION=DOWNLOAD_SALARY_SLIP | RESOURCE=SalarySlip | USER=admin@gm.com | IP=0:0:0:0:0:0:0:1 | STATUS=FAILURE | DURATION=13ms | DESC=Download salary slip PDF | ERROR=Salary slip is still in DRAFT. Admin must finalize the payroll first.
2026-04-06 11:04:11.262 [AUDIT] ACTION=LOGIN | RESOURCE=Auth | USER=anonymous | IP=0:0:0:0:0:0:0:1 | STATUS=SUCCESS | DURATION=150ms | DESC=User login attempt | ERROR=-
2026-04-06 11:04:28.488 [AUDIT] ACTION=DOWNLOAD_SALARY_SLIP | RESOURCE=SalarySlip | USER=admin@gm.com | IP=0:0:0:0:0:0:0:1 | STATUS=FAILURE | DURATION=2ms | DESC=Download salary slip PDF | ERROR=Salary slip is still in DRAFT. Admin must finalize the payroll first.
2026-04-06 11:05:09.897 [AUDIT] ACTION=FINALIZE_SALARY | RESOURCE=SalaryGeneration | USER=admin@gm.com | IP=0:0:0:0:0:0:0:1 | STATUS=FAILURE | DURATION=3ms | DESC=Finalize monthly salary | ERROR=Salary already finalized
2026-04-06 11:05:35.709 [AUDIT] ACTION=DOWNLOAD_SALARY_SLIP | RESOURCE=SalarySlip | USER=admin@gm.com | IP=0:0:0:0:0:0:0:1 | STATUS=FAILURE | DURATION=945ms | DESC=Download salary slip PDF | ERROR=Failed to generate PDF: org.xml.sax.SAXParseException; lineNumber: 51; columnNumber: 18; cvc-complex-type.2.4.a: Invalid content was found starting with element '{"http://jasperreports.sourceforge.net/jasperreports":queryString}'. One of '{"http://jasperreports.sourceforge.net/jasperreports":field, "http://jasperreports.sourceforge.net/jasperreports":sortField, "http://jasperreports.sourceforge.net/jasperreports":variable, "http://jasperreports.sourceforge.net/jasperreports":filterExpression, "http://jasperreports.sourceforge.net/jasperreports":group, "http://jasperreports.sourceforge.net/jasperreports":background, "http://jasperreports.sourceforge.net/jasperreports":title, "http://jasperreports.sourceforge.net/jasperreports":pageHeader, "http://jasperreports.sourceforge.net/jasperreports":columnHeader, "http://jasperreports.sourceforge.net/jasperreports":detail, "http://jasperreports.sourceforge.net/jasperreports":columnFooter, "http://jasperreports.sourceforge.net/jasperreports":pageFooter, "http://jasperreports.sourceforge.net/jasperreports":lastPageFooter, "http://jasperreports.sourceforge.net/jasperreports":summary, "http://jasperreports.sourceforge.net/jasperreports":noData}' is expected.
2026-04-06 11:06:07.203 [AUDIT] ACTION=DOWNLOAD_SALARY_SLIP | RESOURCE=SalarySlip | USER=admin@gm.com | IP=0:0:0:0:0:0:0:1 | STATUS=FAILURE | DURATION=114ms | DESC=Download salary slip PDF | ERROR=Failed to generate PDF: org.xml.sax.SAXParseException; lineNumber: 51; columnNumber: 18; cvc-complex-type.2.4.a: Invalid content was found starting with element '{"http://jasperreports.sourceforge.net/jasperreports":queryString}'. One of '{"http://jasperreports.sourceforge.net/jasperreports":field, "http://jasperreports.sourceforge.net/jasperreports":sortField, "http://jasperreports.sourceforge.net/jasperreports":variable, "http://jasperreports.sourceforge.net/jasperreports":filterExpression, "http://jasperreports.sourceforge.net/jasperreports":group, "http://jasperreports.sourceforge.net/jasperreports":background, "http://jasperreports.sourceforge.net/jasperreports":title, "http://jasperreports.sourceforge.net/jasperreports":pageHeader, "http://jasperreports.sourceforge.net/jasperreports":columnHeader, "http://jasperreports.sourceforge.net/jasperreports":detail, "http://jasperreports.sourceforge.net/jasperreports":columnFooter, "http://jasperreports.sourceforge.net/jasperreports":pageFooter, "http://jasperreports.sourceforge.net/jasperreports":lastPageFooter, "http://jasperreports.sourceforge.net/jasperreports":summary, "http://jasperreports.sourceforge.net/jasperreports":noData}' is expected.
2026-04-06 11:45:01.326 [AUDIT] ACTION=LOGIN | RESOURCE=Auth | USER=anonymous | IP=0:0:0:0:0:0:0:1 | STATUS=SUCCESS | DURATION=528ms | DESC=User login attempt | ERROR=-
2026-04-06 11:45:43.808 [AUDIT] ACTION=CREATE_PAYROLL_COMPONENT | RESOURCE=PayrollComponent | USER=admin@gm.com | IP=0:0:0:0:0:0:0:1 | STATUS=FAILURE | DURATION=7ms | DESC=Create payroll component | ERROR=Payroll component with code 'BASIC' already exists
2026-04-06 11:45:54.535 [AUDIT] ACTION=CREATE_PAYROLL_COMPONENT | RESOURCE=PayrollComponent | USER=admin@gm.com | IP=0:0:0:0:0:0:0:1 | STATUS=FAILURE | DURATION=2ms | DESC=Create payroll component | ERROR=Payroll component with code 'HRA' already exists
2026-04-06 11:52:03.911 [AUDIT] ACTION=CREATE_PAYROLL_COMPONENT | RESOURCE=PayrollComponent | USER=admin@gm.com | IP=0:0:0:0:0:0:0:1 | STATUS=FAILURE | DURATION=47ms | DESC=Create payroll component | ERROR=Payroll component with code 'HRA' already exists
2026-04-06 11:52:34.475 [AUDIT] ACTION=CREATE_SALARY_STRUCTURE | RESOURCE=SalaryStructure | USER=admin@gm.com | IP=0:0:0:0:0:0:0:1 | STATUS=FAILURE | DURATION=243ms | DESC=Create employee salary structure | ERROR=could not execute statement [ERROR: duplicate key value violates unique constraint "uk_salary_str_person_from"
  Detail: Key (personal_information_id, effective_from)=(1, 2025-05-01) already exists.] [insert into employee_salary_structures (created_at,created_by,effective_from,effective_to,is_active,monthly_ctc,personal_information_id,updated_at,updated_by) values (?,?,?,?,?,?,?,?,?)]; SQL [insert into employee_salary_structures (created_at,created_by,effective_from,effective_to,is_active,monthly_ctc,personal_information_id,updated_at,updated_by) values (?,?,?,?,?,?,?,?,?)]; constraint [uk_salary_str_person_from]
2026-04-06 11:57:19.038 [AUDIT] ACTION=CREATE_SALARY_STRUCTURE | RESOURCE=SalaryStructure | USER=admin@gm.com | IP=0:0:0:0:0:0:0:1 | STATUS=FAILURE | DURATION=172ms | DESC=Create employee salary structure | ERROR=Salary structure already exists for this employee on date 2025-05-01
2026-04-06 11:57:45.258 [AUDIT] ACTION=FINALIZE_SALARY | RESOURCE=SalaryGeneration | USER=admin@gm.com | IP=0:0:0:0:0:0:0:1 | STATUS=FAILURE | DURATION=7ms | DESC=Finalize monthly salary | ERROR=Salary already finalized
2026-04-06 11:58:02.790 [AUDIT] ACTION=GENERATE_SALARY | RESOURCE=SalaryGeneration | USER=admin@gm.com | IP=0:0:0:0:0:0:0:1 | STATUS=FAILURE | DURATION=9ms | DESC=Run monthly salary generation | ERROR=Salary already generated for 1/2026. Delete it first or finalize it.
2026-04-06 11:58:12.164 [AUDIT] ACTION=FINALIZE_SALARY | RESOURCE=SalaryGeneration | USER=admin@gm.com | IP=0:0:0:0:0:0:0:1 | STATUS=FAILURE | DURATION=0ms | DESC=Finalize monthly salary | ERROR=Salary already finalized
2026-04-06 11:58:25.065 [AUDIT] ACTION=GENERATE_SALARY | RESOURCE=SalaryGeneration | USER=admin@gm.com | IP=0:0:0:0:0:0:0:1 | STATUS=FAILURE | DURATION=2ms | DESC=Run monthly salary generation | ERROR=Salary already generated for 2/2026. Delete it first or finalize it.
2026-04-06 12:09:06.473 [AUDIT] ACTION=GENERATE_SALARY | RESOURCE=SalaryGeneration | USER=admin@gm.com | IP=0:0:0:0:0:0:0:1 | STATUS=FAILURE | DURATION=19ms | DESC=Run monthly salary generation | ERROR=Salary already generated for 1/2026. Delete it first or finalize it.
2026-04-06 12:09:15.758 [AUDIT] ACTION=FINALIZE_SALARY | RESOURCE=SalaryGeneration | USER=admin@gm.com | IP=0:0:0:0:0:0:0:1 | STATUS=FAILURE | DURATION=20ms | DESC=Finalize monthly salary | ERROR=Salary already finalized
2026-04-06 12:10:09.865 [AUDIT] ACTION=DOWNLOAD_SALARY_SLIP | RESOURCE=SalarySlip | USER=admin@gm.com | IP=0:0:0:0:0:0:0:1 | STATUS=FAILURE | DURATION=3ms | DESC=Download salary slip PDF | ERROR=Salary slip is still in DRAFT. Admin must finalize the payroll first.
2026-04-06 12:10:47.443 [AUDIT] ACTION=DOWNLOAD_SALARY_SLIP | RESOURCE=SalarySlip | USER=admin@gm.com | IP=0:0:0:0:0:0:0:1 | STATUS=FAILURE | DURATION=4162ms | DESC=Download salary slip PDF | ERROR=Failed to generate payslip PDF: java.io.IOException: The byte array is not a recognized imageformat.
2026-04-06 12:11:10.144 [AUDIT] ACTION=DOWNLOAD_SALARY_SLIP | RESOURCE=SalarySlip | USER=admin@gm.com | IP=0:0:0:0:0:0:0:1 | STATUS=FAILURE | DURATION=77ms | DESC=Download salary slip PDF | ERROR=Failed to generate payslip PDF: java.io.IOException: The byte array is not a recognized imageformat.
2026-04-06 12:35:05.365 [AUDIT] ACTION=DOWNLOAD_SALARY_SLIP | RESOURCE=SalarySlip | USER=admin@gm.com | IP=0:0:0:0:0:0:0:1 | STATUS=SUCCESS | DURATION=3942ms | DESC=Download salary slip PDF | ERROR=-
2026-04-06 12:36:10.257 [AUDIT] ACTION=DOWNLOAD_SALARY_SLIP | RESOURCE=SalarySlip | USER=admin@gm.com | IP=0:0:0:0:0:0:0:1 | STATUS=SUCCESS | DURATION=141ms | DESC=Download salary slip PDF | ERROR=-
2026-04-06 12:48:27.864 [AUDIT] ACTION=LOGIN | RESOURCE=Auth | USER=anonymous | IP=0:0:0:0:0:0:0:1 | STATUS=SUCCESS | DURATION=756ms | DESC=User login attempt | ERROR=-
2026-04-06 12:48:51.399 [AUDIT] ACTION=DOWNLOAD_SALARY_SLIP | RESOURCE=SalarySlip | USER=admin@gm.com | IP=0:0:0:0:0:0:0:1 | STATUS=SUCCESS | DURATION=4165ms | DESC=Download salary slip PDF | ERROR=-
2026-04-06 14:17:04.612 [AUDIT] ACTION=LOGIN | RESOURCE=Auth | USER=anonymous | IP=0:0:0:0:0:0:0:1 | STATUS=SUCCESS | DURATION=489ms | DESC=User login attempt | ERROR=-
2026-04-06 14:17:30.644 [AUDIT] ACTION=DOWNLOAD_SALARY_SLIP | RESOURCE=SalarySlip | USER=admin@gm.com | IP=0:0:0:0:0:0:0:1 | STATUS=SUCCESS | DURATION=3301ms | DESC=Download salary slip PDF | ERROR=-
2026-04-06 14:19:09.571 [AUDIT] ACTION=DOWNLOAD_SALARY_SLIP | RESOURCE=SalarySlip | USER=admin@gm.com | IP=0:0:0:0:0:0:0:1 | STATUS=SUCCESS | DURATION=269ms | DESC=Download salary slip PDF | ERROR=-
2026-04-06 15:05:26.334 [AUDIT] ACTION=DOWNLOAD_SALARY_SLIP | RESOURCE=SalarySlip | USER=admin@gm.com | IP=0:0:0:0:0:0:0:1 | STATUS=SUCCESS | DURATION=473ms | DESC=Download salary slip PDF | ERROR=-
2026-04-06 15:06:26.899 [AUDIT] ACTION=DOWNLOAD_SALARY_SLIP | RESOURCE=SalarySlip | USER=admin@gm.com | IP=0:0:0:0:0:0:0:1 | STATUS=FAILURE | DURATION=141ms | DESC=Download salary slip PDF | ERROR=Payslip PDF generation is currently unavailable. Reason: JRXML compilation failed: Report design not valid : 
	 1. Warning : Element bottom reaches outside band area : y=30 height=26 band-height=26
	 2. Warning : Element bottom reaches outside band area : y=30 height=26 band-height=26
	 3. Warning : Element bottom reaches outside band area : y=30 height=26 band-height=26
	 4. Warning : Element bottom reaches outside band area : y=30 height=26 band-height=26
	 5. Warning : Element bottom reaches outside band area : y=30 height=26 band-height=26
	 6. Warning : Element bottom reaches outside band area : y=30 height=22 band-height=22
	 7. Warning : Element bottom reaches outside band area : y=30 height=22 band-height=22
	 8. Warning : Element bottom reaches outside band area : y=30 height=22 band-height=22
	 9. Warning : Element bottom reaches outside band area : y=30 height=22 band-height=22
	 10. Warning : Element bottom reaches outside band area : y=30 height=22 band-height=22
	 11. Warning : Element bottom reaches outside band area : y=51 height=1 band-height=22
	 12. Warning : Element bottom reaches outside band area : y=51 height=1 band-height=22
2026-04-06 15:17:42.967 [AUDIT] ACTION=LOGIN | RESOURCE=Auth | USER=anonymous | IP=0:0:0:0:0:0:0:1 | STATUS=SUCCESS | DURATION=478ms | DESC=User login attempt | ERROR=-
2026-04-06 15:18:36.703 [AUDIT] ACTION=DOWNLOAD_SALARY_SLIP | RESOURCE=SalarySlip | USER=admin@gm.com | IP=0:0:0:0:0:0:0:1 | STATUS=SUCCESS | DURATION=3473ms | DESC=Download salary slip PDF | ERROR=-
2026-04-06 15:21:09.082 [AUDIT] ACTION=DOWNLOAD_SALARY_SLIP | RESOURCE=SalarySlip | USER=admin@gm.com | IP=0:0:0:0:0:0:0:1 | STATUS=FAILURE | DURATION=163ms | DESC=Download salary slip PDF | ERROR=Payslip PDF generation is currently unavailable. Reason: JRXML compilation failed: Report design not valid : 
	 1. Warning : Element bottom reaches outside band area : y=45 height=26 band-height=26
	 2. Warning : Element bottom reaches outside band area : y=45 height=26 band-height=26
	 3. Warning : Element bottom reaches outside band area : y=45 height=26 band-height=26
	 4. Warning : Element bottom reaches outside band area : y=45 height=26 band-height=26
	 5. Warning : Element bottom reaches outside band area : y=45 height=26 band-height=26
2026-04-06 15:22:32.815 [AUDIT] ACTION=DOWNLOAD_SALARY_SLIP | RESOURCE=SalarySlip | USER=admin@gm.com | IP=0:0:0:0:0:0:0:1 | STATUS=SUCCESS | DURATION=3545ms | DESC=Download salary slip PDF | ERROR=-
2026-04-06 15:29:28.723 [AUDIT] ACTION=DOWNLOAD_SALARY_SLIP | RESOURCE=SalarySlip | USER=admin@gm.com | IP=0:0:0:0:0:0:0:1 | STATUS=SUCCESS | DURATION=4960ms | DESC=Download salary slip PDF | ERROR=-
